<?xml version="1.0" encoding="UTF-8"?>
<!-- Generated by org.testng.reporters.JUnitReportReporter -->
<testsuite hostname="DESKTOP-RR6HMDB" failures="0" tests="1" name="tests.FlipkartTest" time="37.435" errors="0" timestamp="2026-02-10T18:29:41 IST" skipped="0">
  <testcase classname="tests.FlipkartTest" name="addProductToCartTest" time="37.435">
    <system-out>
      <![CDATA[Product is added to the cart]]>
    </system-out>
  </testcase> <!-- addProductToCartTest -->
  <system-out>
    <![CDATA[Product is added to the cart]]>
  </system-out>
</testsuite> <!-- tests.FlipkartTest -->
